2018-01-04 17:48:02,152 [main] INFO  org.mule.module.launcher.application.DefaultMuleApplication - 
++++++++++++++++++++++++++++++++++++++++++++++++++++++++++++
+ Initializing app 'implementationsoap'                    +
++++++++++++++++++++++++++++++++++++++++++++++++++++++++++++
2018-01-04 17:48:02,514 [main] INFO  org.mule.lifecycle.AbstractLifecycleManager - Initialising RegistryBroker
2018-01-04 17:48:02,718 [main] INFO  org.mule.module.extension.internal.manager.DefaultExtensionManager - Starting discovery of extensions
2018-01-04 17:48:02,909 [main] INFO  org.mule.module.extension.internal.manager.DefaultExtensionManager - Discovered 1 extensions
2018-01-04 17:48:02,912 [main] INFO  org.mule.module.extension.internal.manager.DefaultExtensionManager - Registering extension validation (version 3.8)
2018-01-04 17:48:03,062 [main] INFO  org.mule.config.spring.MuleArtifactContext - Refreshing org.mule.config.spring.MuleArtifactContext@3d6300e8: startup date [Thu Jan 04 17:48:03 IST 2018]; root of context hierarchy
2018-01-04 17:48:05,452 [main] INFO  org.mule.config.spring.processors.NoDevkitInjectorProcessor - JSR-330 'javax.inject.Inject' annotation found and supported for autowiring
2018-01-04 17:48:06,880 [main] WARN  org.mule.module.ognl.expression.OgnlExpressionEvaluator - OGNL module is deprecated and will be removed in Mule 4.0. Use MEL expressions instead.
2018-01-04 17:48:08,163 [main] INFO  org.mule.util.journal.TransactionJournal - Using files for tx logs C:\Users\M1043068\AnypointStudio\workspace\.mule\.\.mule\implementationsoap\queue-tx-log\tx1.log and C:\Users\M1043068\AnypointStudio\workspace\.mule\.\.mule\implementationsoap\queue-tx-log\tx2.log
2018-01-04 17:48:08,190 [main] INFO  org.mule.util.journal.TransactionJournal - Using files for tx logs C:\Users\M1043068\AnypointStudio\workspace\.mule\.\.mule\implementationsoap\queue-xa-tx-log\tx1.log and C:\Users\M1043068\AnypointStudio\workspace\.mule\.\.mule\implementationsoap\queue-xa-tx-log\tx2.log
2018-01-04 17:48:08,396 [main] INFO  org.mule.lifecycle.AbstractLifecycleManager - Initialising model: _muleSystemModel
2018-01-04 17:48:08,404 [main] INFO  org.mule.construct.FlowConstructLifecycleManager - Initialising flow: implementationFlow
2018-01-04 17:48:08,405 [main] INFO  org.mule.exception.DefaultMessagingExceptionStrategy - Initialising exception listener: org.mule.exception.DefaultMessagingExceptionStrategy@a6c54c3
2018-01-04 17:48:08,472 [main] INFO  org.mule.processor.SedaStageLifecycleManager - Initialising service: implementationFlow.stage1
2018-01-04 17:48:08,694 [main] WARN  org.mule.util.xmlsecurity.DefaultXMLSecureFactories - Can't configure XML entity expansion for TransformerFactory (org.apache.xalan.processor.TransformerFactoryImpl), this could introduce XXE and BL vulnerabilities
2018-01-04 17:48:12,347 [main] INFO  org.mule.config.spring.SpringXmlConfigurationBuilder - Configured Mule using "org.mule.config.spring.SpringXmlConfigurationBuilder" with configuration resource(s): "[ConfigResource{resourceName='C:\Users\M1043068\AnypointStudio\workspace\.mule\apps\implementationsoap\implementation.xml'}]"
2018-01-04 17:48:12,350 [main] INFO  org.mule.config.builders.AutoConfigurationBuilder - Configured Mule using "org.mule.config.builders.AutoConfigurationBuilder" with configuration resource(s): "[ConfigResource{resourceName='C:\Users\M1043068\AnypointStudio\workspace\.mule\apps\implementationsoap\implementation.xml'}]"
2018-01-04 17:48:15,392 [main] INFO  org.mule.module.launcher.application.DefaultMuleApplication - 
++++++++++++++++++++++++++++++++++++++++++++++++++++++++++++
+ Starting app 'implementationsoap'                        +
++++++++++++++++++++++++++++++++++++++++++++++++++++++++++++
2018-01-04 17:48:15,398 [main] INFO  org.mule.util.queue.QueueXaResourceManager - Starting ResourceManager
2018-01-04 17:48:15,398 [main] INFO  org.mule.util.queue.QueueXaResourceManager - Started ResourceManager
2018-01-04 17:48:15,569 [main] INFO  org.mule.module.http.internal.listener.DefaultHttpListenerConfig - Listening for requests on http://0.0.0.0:8099
2018-01-04 17:48:15,573 [main] INFO  org.mule.modules.oauth2.provider.agents.DefaultSplashScreenAgent - 
++++++++++++++++++++++++++++++++++++++++++++++++++++++++++++++++++++++++++++++++
+ DevKit Extensions (0) used in this application 
                             +
++++++++++++++++++++++++++++++++++++++++++++++++++++++++++++++++++++++++++++++++
2018-01-04 17:48:15,578 [main] INFO  org.mule.lifecycle.AbstractLifecycleManager - Starting model: _muleSystemModel
2018-01-04 17:48:15,580 [main] INFO  org.mule.construct.FlowConstructLifecycleManager - Starting flow: implementationFlow
2018-01-04 17:48:15,581 [main] INFO  org.mule.processor.SedaStageLifecycleManager - Starting service: implementationFlow.stage1
2018-01-04 17:48:15,682 [main] INFO  org.mule.module.management.agent.WrapperManagerAgent - This JVM hasn't been launched by the wrapper, the agent will not run.
2018-01-04 17:48:15,713 [main] INFO  org.mule.DefaultMuleContext - 
**********************************************************************
* Application: implementationsoap                                    *
* OS encoding: \, Mule encoding: UTF-8                               *
*                                                                    *
* Agents Running:                                                    *
*   DevKit Extension Information                                     *
*   JMX Agent                                                        *
*   Batch module default engine                                      *
*   Wrapper Manager                                                  *
**********************************************************************
2018-01-04 17:48:46,546 [[implementationsoap].HTTP_Listener_Configuration.worker.01] INFO  org.mule.api.processor.LoggerMessageProcessor - org.mule.module.ws.consumer.NamespaceRestorerXMLStreamReader@20fe48fb
2018-01-04 17:48:55,888 [[implementationsoap].HTTP_Listener_Configuration.worker.01] INFO  org.mule.api.processor.LoggerMessageProcessor - org.mule.module.ws.consumer.NamespaceRestorerXMLStreamReader@110ede37
