INFO  2018-01-04 08:33:57,143 [main] org.mule.module.launcher.domain.DefaultMuleDomain: 
++++++++++++++++++++++++++++++++++++++++++++++++++++++++++++
+ New domain 'default'                                     +
++++++++++++++++++++++++++++++++++++++++++++++++++++++++++++
INFO  2018-01-04 08:33:57,144 [main] org.mule.module.launcher.domain.DefaultMuleDomain: 
++++++++++++++++++++++++++++++++++++++++++++++++++++++++++++
+ Initializing domain 'default'                            +
++++++++++++++++++++++++++++++++++++++++++++++++++++++++++++
INFO  2018-01-04 08:42:49,121 [main] org.mule.module.launcher.domain.DefaultMuleDomain: 
++++++++++++++++++++++++++++++++++++++++++++++++++++++++++++
+ New domain 'default'                                     +
++++++++++++++++++++++++++++++++++++++++++++++++++++++++++++
INFO  2018-01-04 08:42:49,122 [main] org.mule.module.launcher.domain.DefaultMuleDomain: 
++++++++++++++++++++++++++++++++++++++++++++++++++++++++++++
+ Initializing domain 'default'                            +
++++++++++++++++++++++++++++++++++++++++++++++++++++++++++++
INFO  2018-01-04 08:49:02,182 [main] org.mule.module.launcher.domain.DefaultMuleDomain: 
++++++++++++++++++++++++++++++++++++++++++++++++++++++++++++
+ New domain 'default'                                     +
++++++++++++++++++++++++++++++++++++++++++++++++++++++++++++
INFO  2018-01-04 08:49:02,183 [main] org.mule.module.launcher.domain.DefaultMuleDomain: 
++++++++++++++++++++++++++++++++++++++++++++++++++++++++++++
+ Initializing domain 'default'                            +
++++++++++++++++++++++++++++++++++++++++++++++++++++++++++++
INFO  2018-01-04 08:59:17,138 [main] org.mule.module.launcher.domain.DefaultMuleDomain: 
++++++++++++++++++++++++++++++++++++++++++++++++++++++++++++
+ New domain 'default'                                     +
++++++++++++++++++++++++++++++++++++++++++++++++++++++++++++
INFO  2018-01-04 08:59:17,139 [main] org.mule.module.launcher.domain.DefaultMuleDomain: 
++++++++++++++++++++++++++++++++++++++++++++++++++++++++++++
+ Initializing domain 'default'                            +
++++++++++++++++++++++++++++++++++++++++++++++++++++++++++++
INFO  2018-01-04 09:01:17,723 [main] org.mule.module.launcher.domain.DefaultMuleDomain: 
++++++++++++++++++++++++++++++++++++++++++++++++++++++++++++
+ New domain 'default'                                     +
++++++++++++++++++++++++++++++++++++++++++++++++++++++++++++
INFO  2018-01-04 09:01:17,730 [main] org.mule.module.launcher.domain.DefaultMuleDomain: 
++++++++++++++++++++++++++++++++++++++++++++++++++++++++++++
+ Initializing domain 'default'                            +
++++++++++++++++++++++++++++++++++++++++++++++++++++++++++++
INFO  2018-01-04 09:02:23,049 [main] org.mule.module.launcher.domain.DefaultMuleDomain: 
++++++++++++++++++++++++++++++++++++++++++++++++++++++++++++
+ New domain 'default'                                     +
++++++++++++++++++++++++++++++++++++++++++++++++++++++++++++
INFO  2018-01-04 09:02:23,051 [main] org.mule.module.launcher.domain.DefaultMuleDomain: 
++++++++++++++++++++++++++++++++++++++++++++++++++++++++++++
+ Initializing domain 'default'                            +
++++++++++++++++++++++++++++++++++++++++++++++++++++++++++++
INFO  2018-01-04 09:03:55,921 [main] org.mule.module.launcher.domain.DefaultMuleDomain: 
++++++++++++++++++++++++++++++++++++++++++++++++++++++++++++
+ New domain 'default'                                     +
++++++++++++++++++++++++++++++++++++++++++++++++++++++++++++
INFO  2018-01-04 09:03:55,921 [main] org.mule.module.launcher.domain.DefaultMuleDomain: 
++++++++++++++++++++++++++++++++++++++++++++++++++++++++++++
+ Initializing domain 'default'                            +
++++++++++++++++++++++++++++++++++++++++++++++++++++++++++++
INFO  2018-01-04 09:53:24,707 [main] org.mule.module.launcher.domain.DefaultMuleDomain: 
++++++++++++++++++++++++++++++++++++++++++++++++++++++++++++
+ New domain 'default'                                     +
++++++++++++++++++++++++++++++++++++++++++++++++++++++++++++
INFO  2018-01-04 09:53:24,709 [main] org.mule.module.launcher.domain.DefaultMuleDomain: 
++++++++++++++++++++++++++++++++++++++++++++++++++++++++++++
+ Initializing domain 'default'                            +
++++++++++++++++++++++++++++++++++++++++++++++++++++++++++++
INFO  2018-01-04 10:19:41,606 [main] org.mule.module.launcher.domain.DefaultMuleDomain: 
++++++++++++++++++++++++++++++++++++++++++++++++++++++++++++
+ New domain 'default'                                     +
++++++++++++++++++++++++++++++++++++++++++++++++++++++++++++
INFO  2018-01-04 10:19:41,607 [main] org.mule.module.launcher.domain.DefaultMuleDomain: 
++++++++++++++++++++++++++++++++++++++++++++++++++++++++++++
+ Initializing domain 'default'                            +
++++++++++++++++++++++++++++++++++++++++++++++++++++++++++++
INFO  2018-01-04 10:23:33,359 [main] org.mule.module.launcher.domain.DefaultMuleDomain: 
++++++++++++++++++++++++++++++++++++++++++++++++++++++++++++
+ New domain 'default'                                     +
++++++++++++++++++++++++++++++++++++++++++++++++++++++++++++
INFO  2018-01-04 10:23:33,363 [main] org.mule.module.launcher.domain.DefaultMuleDomain: 
++++++++++++++++++++++++++++++++++++++++++++++++++++++++++++
+ Initializing domain 'default'                            +
++++++++++++++++++++++++++++++++++++++++++++++++++++++++++++
INFO  2018-01-04 10:24:20,382 [main] org.mule.module.launcher.domain.DefaultMuleDomain: 
++++++++++++++++++++++++++++++++++++++++++++++++++++++++++++
+ New domain 'default'                                     +
++++++++++++++++++++++++++++++++++++++++++++++++++++++++++++
INFO  2018-01-04 10:24:20,382 [main] org.mule.module.launcher.domain.DefaultMuleDomain: 
++++++++++++++++++++++++++++++++++++++++++++++++++++++++++++
+ Initializing domain 'default'                            +
++++++++++++++++++++++++++++++++++++++++++++++++++++++++++++
INFO  2018-01-04 10:27:31,097 [main] org.mule.module.launcher.domain.DefaultMuleDomain: 
++++++++++++++++++++++++++++++++++++++++++++++++++++++++++++
+ New domain 'default'                                     +
++++++++++++++++++++++++++++++++++++++++++++++++++++++++++++
INFO  2018-01-04 10:27:31,097 [main] org.mule.module.launcher.domain.DefaultMuleDomain: 
++++++++++++++++++++++++++++++++++++++++++++++++++++++++++++
+ Initializing domain 'default'                            +
++++++++++++++++++++++++++++++++++++++++++++++++++++++++++++
INFO  2018-01-04 10:32:13,970 [main] org.mule.module.launcher.domain.DefaultMuleDomain: 
++++++++++++++++++++++++++++++++++++++++++++++++++++++++++++
+ New domain 'default'                                     +
++++++++++++++++++++++++++++++++++++++++++++++++++++++++++++
INFO  2018-01-04 10:32:13,970 [main] org.mule.module.launcher.domain.DefaultMuleDomain: 
++++++++++++++++++++++++++++++++++++++++++++++++++++++++++++
+ Initializing domain 'default'                            +
++++++++++++++++++++++++++++++++++++++++++++++++++++++++++++
INFO  2018-01-04 10:32:53,955 [main] org.mule.module.launcher.domain.DefaultMuleDomain: 
++++++++++++++++++++++++++++++++++++++++++++++++++++++++++++
+ New domain 'default'                                     +
++++++++++++++++++++++++++++++++++++++++++++++++++++++++++++
INFO  2018-01-04 10:32:53,955 [main] org.mule.module.launcher.domain.DefaultMuleDomain: 
++++++++++++++++++++++++++++++++++++++++++++++++++++++++++++
+ Initializing domain 'default'                            +
++++++++++++++++++++++++++++++++++++++++++++++++++++++++++++
INFO  2018-01-04 10:34:18,611 [main] org.mule.module.launcher.domain.DefaultMuleDomain: 
++++++++++++++++++++++++++++++++++++++++++++++++++++++++++++
+ New domain 'default'                                     +
++++++++++++++++++++++++++++++++++++++++++++++++++++++++++++
INFO  2018-01-04 10:34:18,615 [main] org.mule.module.launcher.domain.DefaultMuleDomain: 
++++++++++++++++++++++++++++++++++++++++++++++++++++++++++++
+ Initializing domain 'default'                            +
++++++++++++++++++++++++++++++++++++++++++++++++++++++++++++
INFO  2018-01-04 10:35:39,085 [main] org.mule.module.launcher.domain.DefaultMuleDomain: 
++++++++++++++++++++++++++++++++++++++++++++++++++++++++++++
+ New domain 'default'                                     +
++++++++++++++++++++++++++++++++++++++++++++++++++++++++++++
INFO  2018-01-04 10:35:39,085 [main] org.mule.module.launcher.domain.DefaultMuleDomain: 
++++++++++++++++++++++++++++++++++++++++++++++++++++++++++++
+ Initializing domain 'default'                            +
++++++++++++++++++++++++++++++++++++++++++++++++++++++++++++
INFO  2018-01-04 10:38:25,477 [main] org.mule.module.launcher.domain.DefaultMuleDomain: 
++++++++++++++++++++++++++++++++++++++++++++++++++++++++++++
+ New domain 'default'                                     +
++++++++++++++++++++++++++++++++++++++++++++++++++++++++++++
INFO  2018-01-04 10:38:25,477 [main] org.mule.module.launcher.domain.DefaultMuleDomain: 
++++++++++++++++++++++++++++++++++++++++++++++++++++++++++++
+ Initializing domain 'default'                            +
++++++++++++++++++++++++++++++++++++++++++++++++++++++++++++
INFO  2018-01-04 10:41:47,196 [main] org.mule.module.launcher.domain.DefaultMuleDomain: 
++++++++++++++++++++++++++++++++++++++++++++++++++++++++++++
+ New domain 'default'                                     +
++++++++++++++++++++++++++++++++++++++++++++++++++++++++++++
INFO  2018-01-04 10:41:47,196 [main] org.mule.module.launcher.domain.DefaultMuleDomain: 
++++++++++++++++++++++++++++++++++++++++++++++++++++++++++++
+ Initializing domain 'default'                            +
++++++++++++++++++++++++++++++++++++++++++++++++++++++++++++
INFO  2018-01-04 10:46:22,843 [main] org.mule.module.launcher.domain.DefaultMuleDomain: 
++++++++++++++++++++++++++++++++++++++++++++++++++++++++++++
+ New domain 'default'                                     +
++++++++++++++++++++++++++++++++++++++++++++++++++++++++++++
INFO  2018-01-04 10:46:22,847 [main] org.mule.module.launcher.domain.DefaultMuleDomain: 
++++++++++++++++++++++++++++++++++++++++++++++++++++++++++++
+ Initializing domain 'default'                            +
++++++++++++++++++++++++++++++++++++++++++++++++++++++++++++
INFO  2018-01-04 10:47:54,812 [main] org.mule.module.launcher.domain.DefaultMuleDomain: 
++++++++++++++++++++++++++++++++++++++++++++++++++++++++++++
+ New domain 'default'                                     +
++++++++++++++++++++++++++++++++++++++++++++++++++++++++++++
INFO  2018-01-04 10:47:54,812 [main] org.mule.module.launcher.domain.DefaultMuleDomain: 
++++++++++++++++++++++++++++++++++++++++++++++++++++++++++++
+ Initializing domain 'default'                            +
++++++++++++++++++++++++++++++++++++++++++++++++++++++++++++
INFO  2018-01-04 11:07:23,867 [main] org.mule.module.launcher.domain.DefaultMuleDomain: 
++++++++++++++++++++++++++++++++++++++++++++++++++++++++++++
+ New domain 'default'                                     +
++++++++++++++++++++++++++++++++++++++++++++++++++++++++++++
INFO  2018-01-04 11:07:23,871 [main] org.mule.module.launcher.domain.DefaultMuleDomain: 
++++++++++++++++++++++++++++++++++++++++++++++++++++++++++++
+ Initializing domain 'default'                            +
++++++++++++++++++++++++++++++++++++++++++++++++++++++++++++
INFO  2018-01-04 11:08:39,367 [main] org.mule.module.launcher.domain.DefaultMuleDomain: 
++++++++++++++++++++++++++++++++++++++++++++++++++++++++++++
+ New domain 'default'                                     +
++++++++++++++++++++++++++++++++++++++++++++++++++++++++++++
INFO  2018-01-04 11:08:39,367 [main] org.mule.module.launcher.domain.DefaultMuleDomain: 
++++++++++++++++++++++++++++++++++++++++++++++++++++++++++++
+ Initializing domain 'default'                            +
++++++++++++++++++++++++++++++++++++++++++++++++++++++++++++
INFO  2018-01-04 11:10:19,766 [main] org.mule.module.launcher.domain.DefaultMuleDomain: 
++++++++++++++++++++++++++++++++++++++++++++++++++++++++++++
+ New domain 'default'                                     +
++++++++++++++++++++++++++++++++++++++++++++++++++++++++++++
INFO  2018-01-04 11:10:19,766 [main] org.mule.module.launcher.domain.DefaultMuleDomain: 
++++++++++++++++++++++++++++++++++++++++++++++++++++++++++++
+ Initializing domain 'default'                            +
++++++++++++++++++++++++++++++++++++++++++++++++++++++++++++
INFO  2018-01-04 11:11:00,978 [main] org.mule.module.launcher.domain.DefaultMuleDomain: 
++++++++++++++++++++++++++++++++++++++++++++++++++++++++++++
+ New domain 'default'                                     +
++++++++++++++++++++++++++++++++++++++++++++++++++++++++++++
INFO  2018-01-04 11:11:00,978 [main] org.mule.module.launcher.domain.DefaultMuleDomain: 
++++++++++++++++++++++++++++++++++++++++++++++++++++++++++++
+ Initializing domain 'default'                            +
++++++++++++++++++++++++++++++++++++++++++++++++++++++++++++
INFO  2018-01-04 11:14:02,905 [main] org.mule.module.launcher.domain.DefaultMuleDomain: 
++++++++++++++++++++++++++++++++++++++++++++++++++++++++++++
+ New domain 'default'                                     +
++++++++++++++++++++++++++++++++++++++++++++++++++++++++++++
INFO  2018-01-04 11:14:02,905 [main] org.mule.module.launcher.domain.DefaultMuleDomain: 
++++++++++++++++++++++++++++++++++++++++++++++++++++++++++++
+ Initializing domain 'default'                            +
++++++++++++++++++++++++++++++++++++++++++++++++++++++++++++
INFO  2018-01-04 11:17:17,878 [main] org.mule.module.launcher.domain.DefaultMuleDomain: 
++++++++++++++++++++++++++++++++++++++++++++++++++++++++++++
+ New domain 'default'                                     +
++++++++++++++++++++++++++++++++++++++++++++++++++++++++++++
INFO  2018-01-04 11:17:17,878 [main] org.mule.module.launcher.domain.DefaultMuleDomain: 
++++++++++++++++++++++++++++++++++++++++++++++++++++++++++++
+ Initializing domain 'default'                            +
++++++++++++++++++++++++++++++++++++++++++++++++++++++++++++
INFO  2018-01-04 11:18:05,906 [main] org.mule.module.launcher.domain.DefaultMuleDomain: 
++++++++++++++++++++++++++++++++++++++++++++++++++++++++++++
+ New domain 'default'                                     +
++++++++++++++++++++++++++++++++++++++++++++++++++++++++++++
INFO  2018-01-04 11:18:05,906 [main] org.mule.module.launcher.domain.DefaultMuleDomain: 
++++++++++++++++++++++++++++++++++++++++++++++++++++++++++++
+ Initializing domain 'default'                            +
++++++++++++++++++++++++++++++++++++++++++++++++++++++++++++
INFO  2018-01-04 11:19:38,632 [main] org.mule.module.launcher.domain.DefaultMuleDomain: 
++++++++++++++++++++++++++++++++++++++++++++++++++++++++++++
+ New domain 'default'                                     +
++++++++++++++++++++++++++++++++++++++++++++++++++++++++++++
INFO  2018-01-04 11:19:38,632 [main] org.mule.module.launcher.domain.DefaultMuleDomain: 
++++++++++++++++++++++++++++++++++++++++++++++++++++++++++++
+ Initializing domain 'default'                            +
++++++++++++++++++++++++++++++++++++++++++++++++++++++++++++
INFO  2018-01-04 11:20:49,532 [main] org.mule.module.launcher.domain.DefaultMuleDomain: 
++++++++++++++++++++++++++++++++++++++++++++++++++++++++++++
+ New domain 'default'                                     +
++++++++++++++++++++++++++++++++++++++++++++++++++++++++++++
INFO  2018-01-04 11:20:49,532 [main] org.mule.module.launcher.domain.DefaultMuleDomain: 
++++++++++++++++++++++++++++++++++++++++++++++++++++++++++++
+ Initializing domain 'default'                            +
++++++++++++++++++++++++++++++++++++++++++++++++++++++++++++
INFO  2018-01-04 11:20:59,782 [main] org.mule.module.launcher.domain.DefaultMuleDomain: 
++++++++++++++++++++++++++++++++++++++++++++++++++++++++++++
+ New domain 'default'                                     +
++++++++++++++++++++++++++++++++++++++++++++++++++++++++++++
INFO  2018-01-04 11:20:59,782 [main] org.mule.module.launcher.domain.DefaultMuleDomain: 
++++++++++++++++++++++++++++++++++++++++++++++++++++++++++++
+ Initializing domain 'default'                            +
++++++++++++++++++++++++++++++++++++++++++++++++++++++++++++
INFO  2018-01-04 11:22:19,523 [main] org.mule.module.launcher.domain.DefaultMuleDomain: 
++++++++++++++++++++++++++++++++++++++++++++++++++++++++++++
+ New domain 'default'                                     +
++++++++++++++++++++++++++++++++++++++++++++++++++++++++++++
INFO  2018-01-04 11:22:19,523 [main] org.mule.module.launcher.domain.DefaultMuleDomain: 
++++++++++++++++++++++++++++++++++++++++++++++++++++++++++++
+ Initializing domain 'default'                            +
++++++++++++++++++++++++++++++++++++++++++++++++++++++++++++
INFO  2018-01-04 11:26:54,840 [main] org.mule.module.launcher.domain.DefaultMuleDomain: 
++++++++++++++++++++++++++++++++++++++++++++++++++++++++++++
+ New domain 'default'                                     +
++++++++++++++++++++++++++++++++++++++++++++++++++++++++++++
INFO  2018-01-04 11:26:54,840 [main] org.mule.module.launcher.domain.DefaultMuleDomain: 
++++++++++++++++++++++++++++++++++++++++++++++++++++++++++++
+ Initializing domain 'default'                            +
++++++++++++++++++++++++++++++++++++++++++++++++++++++++++++
INFO  2018-01-04 11:30:04,424 [main] org.mule.module.launcher.domain.DefaultMuleDomain: 
++++++++++++++++++++++++++++++++++++++++++++++++++++++++++++
+ New domain 'default'                                     +
++++++++++++++++++++++++++++++++++++++++++++++++++++++++++++
INFO  2018-01-04 11:30:04,424 [main] org.mule.module.launcher.domain.DefaultMuleDomain: 
++++++++++++++++++++++++++++++++++++++++++++++++++++++++++++
+ Initializing domain 'default'                            +
++++++++++++++++++++++++++++++++++++++++++++++++++++++++++++
INFO  2018-01-04 11:31:34,053 [main] org.mule.module.launcher.domain.DefaultMuleDomain: 
++++++++++++++++++++++++++++++++++++++++++++++++++++++++++++
+ New domain 'default'                                     +
++++++++++++++++++++++++++++++++++++++++++++++++++++++++++++
INFO  2018-01-04 11:31:34,053 [main] org.mule.module.launcher.domain.DefaultMuleDomain: 
++++++++++++++++++++++++++++++++++++++++++++++++++++++++++++
+ Initializing domain 'default'                            +
++++++++++++++++++++++++++++++++++++++++++++++++++++++++++++
INFO  2018-01-04 11:37:29,283 [main] org.mule.module.launcher.domain.DefaultMuleDomain: 
++++++++++++++++++++++++++++++++++++++++++++++++++++++++++++
+ New domain 'default'                                     +
++++++++++++++++++++++++++++++++++++++++++++++++++++++++++++
INFO  2018-01-04 11:37:29,283 [main] org.mule.module.launcher.domain.DefaultMuleDomain: 
++++++++++++++++++++++++++++++++++++++++++++++++++++++++++++
+ Initializing domain 'default'                            +
++++++++++++++++++++++++++++++++++++++++++++++++++++++++++++
INFO  2018-01-04 11:56:34,182 [main] org.mule.module.launcher.domain.DefaultMuleDomain: 
++++++++++++++++++++++++++++++++++++++++++++++++++++++++++++
+ New domain 'default'                                     +
++++++++++++++++++++++++++++++++++++++++++++++++++++++++++++
INFO  2018-01-04 11:56:34,182 [main] org.mule.module.launcher.domain.DefaultMuleDomain: 
++++++++++++++++++++++++++++++++++++++++++++++++++++++++++++
+ Initializing domain 'default'                            +
++++++++++++++++++++++++++++++++++++++++++++++++++++++++++++
INFO  2018-01-04 11:59:35,086 [main] org.mule.module.launcher.domain.DefaultMuleDomain: 
++++++++++++++++++++++++++++++++++++++++++++++++++++++++++++
+ New domain 'default'                                     +
++++++++++++++++++++++++++++++++++++++++++++++++++++++++++++
INFO  2018-01-04 11:59:35,086 [main] org.mule.module.launcher.domain.DefaultMuleDomain: 
++++++++++++++++++++++++++++++++++++++++++++++++++++++++++++
+ Initializing domain 'default'                            +
++++++++++++++++++++++++++++++++++++++++++++++++++++++++++++
INFO  2018-01-04 12:02:41,577 [main] org.mule.module.launcher.domain.DefaultMuleDomain: 
++++++++++++++++++++++++++++++++++++++++++++++++++++++++++++
+ New domain 'default'                                     +
++++++++++++++++++++++++++++++++++++++++++++++++++++++++++++
INFO  2018-01-04 12:02:41,577 [main] org.mule.module.launcher.domain.DefaultMuleDomain: 
++++++++++++++++++++++++++++++++++++++++++++++++++++++++++++
+ Initializing domain 'default'                            +
++++++++++++++++++++++++++++++++++++++++++++++++++++++++++++
INFO  2018-01-04 12:05:09,174 [main] org.mule.module.launcher.domain.DefaultMuleDomain: 
++++++++++++++++++++++++++++++++++++++++++++++++++++++++++++
+ New domain 'default'                                     +
++++++++++++++++++++++++++++++++++++++++++++++++++++++++++++
INFO  2018-01-04 12:05:09,178 [main] org.mule.module.launcher.domain.DefaultMuleDomain: 
++++++++++++++++++++++++++++++++++++++++++++++++++++++++++++
+ Initializing domain 'default'                            +
++++++++++++++++++++++++++++++++++++++++++++++++++++++++++++
INFO  2018-01-04 12:08:43,027 [main] org.mule.module.launcher.domain.DefaultMuleDomain: 
++++++++++++++++++++++++++++++++++++++++++++++++++++++++++++
+ New domain 'default'                                     +
++++++++++++++++++++++++++++++++++++++++++++++++++++++++++++
INFO  2018-01-04 12:08:43,027 [main] org.mule.module.launcher.domain.DefaultMuleDomain: 
++++++++++++++++++++++++++++++++++++++++++++++++++++++++++++
+ Initializing domain 'default'                            +
++++++++++++++++++++++++++++++++++++++++++++++++++++++++++++
INFO  2018-01-04 12:12:49,747 [main] org.mule.module.launcher.domain.DefaultMuleDomain: 
++++++++++++++++++++++++++++++++++++++++++++++++++++++++++++
+ New domain 'default'                                     +
++++++++++++++++++++++++++++++++++++++++++++++++++++++++++++
INFO  2018-01-04 12:12:49,747 [main] org.mule.module.launcher.domain.DefaultMuleDomain: 
++++++++++++++++++++++++++++++++++++++++++++++++++++++++++++
+ Initializing domain 'default'                            +
++++++++++++++++++++++++++++++++++++++++++++++++++++++++++++
INFO  2018-01-04 12:15:22,171 [main] org.mule.module.launcher.domain.DefaultMuleDomain: 
++++++++++++++++++++++++++++++++++++++++++++++++++++++++++++
+ New domain 'default'                                     +
++++++++++++++++++++++++++++++++++++++++++++++++++++++++++++
INFO  2018-01-04 12:15:22,171 [main] org.mule.module.launcher.domain.DefaultMuleDomain: 
++++++++++++++++++++++++++++++++++++++++++++++++++++++++++++
+ Initializing domain 'default'                            +
++++++++++++++++++++++++++++++++++++++++++++++++++++++++++++
INFO  2018-01-04 12:17:39,035 [main] org.mule.module.launcher.domain.DefaultMuleDomain: 
++++++++++++++++++++++++++++++++++++++++++++++++++++++++++++
+ New domain 'default'                                     +
++++++++++++++++++++++++++++++++++++++++++++++++++++++++++++
INFO  2018-01-04 12:17:39,035 [main] org.mule.module.launcher.domain.DefaultMuleDomain: 
++++++++++++++++++++++++++++++++++++++++++++++++++++++++++++
+ Initializing domain 'default'                            +
++++++++++++++++++++++++++++++++++++++++++++++++++++++++++++
INFO  2018-01-04 12:21:15,136 [main] org.mule.module.launcher.domain.DefaultMuleDomain: 
++++++++++++++++++++++++++++++++++++++++++++++++++++++++++++
+ New domain 'default'                                     +
++++++++++++++++++++++++++++++++++++++++++++++++++++++++++++
INFO  2018-01-04 12:21:15,136 [main] org.mule.module.launcher.domain.DefaultMuleDomain: 
++++++++++++++++++++++++++++++++++++++++++++++++++++++++++++
+ Initializing domain 'default'                            +
++++++++++++++++++++++++++++++++++++++++++++++++++++++++++++
INFO  2018-01-04 12:25:16,741 [main] org.mule.module.launcher.domain.DefaultMuleDomain: 
++++++++++++++++++++++++++++++++++++++++++++++++++++++++++++
+ New domain 'default'                                     +
++++++++++++++++++++++++++++++++++++++++++++++++++++++++++++
INFO  2018-01-04 12:25:16,741 [main] org.mule.module.launcher.domain.DefaultMuleDomain: 
++++++++++++++++++++++++++++++++++++++++++++++++++++++++++++
+ Initializing domain 'default'                            +
++++++++++++++++++++++++++++++++++++++++++++++++++++++++++++
INFO  2018-01-04 12:26:09,544 [main] org.mule.module.launcher.domain.DefaultMuleDomain: 
++++++++++++++++++++++++++++++++++++++++++++++++++++++++++++
+ New domain 'default'                                     +
++++++++++++++++++++++++++++++++++++++++++++++++++++++++++++
INFO  2018-01-04 12:26:09,544 [main] org.mule.module.launcher.domain.DefaultMuleDomain: 
++++++++++++++++++++++++++++++++++++++++++++++++++++++++++++
+ Initializing domain 'default'                            +
++++++++++++++++++++++++++++++++++++++++++++++++++++++++++++
INFO  2018-01-04 12:27:12,483 [main] org.mule.module.launcher.domain.DefaultMuleDomain: 
++++++++++++++++++++++++++++++++++++++++++++++++++++++++++++
+ New domain 'default'                                     +
++++++++++++++++++++++++++++++++++++++++++++++++++++++++++++
INFO  2018-01-04 12:27:12,494 [main] org.mule.module.launcher.domain.DefaultMuleDomain: 
++++++++++++++++++++++++++++++++++++++++++++++++++++++++++++
+ Initializing domain 'default'                            +
++++++++++++++++++++++++++++++++++++++++++++++++++++++++++++
INFO  2018-01-04 12:28:59,746 [main] org.mule.module.launcher.domain.DefaultMuleDomain: 
++++++++++++++++++++++++++++++++++++++++++++++++++++++++++++
+ New domain 'default'                                     +
++++++++++++++++++++++++++++++++++++++++++++++++++++++++++++
INFO  2018-01-04 12:28:59,746 [main] org.mule.module.launcher.domain.DefaultMuleDomain: 
++++++++++++++++++++++++++++++++++++++++++++++++++++++++++++
+ Initializing domain 'default'                            +
++++++++++++++++++++++++++++++++++++++++++++++++++++++++++++
INFO  2018-01-04 12:32:21,865 [main] org.mule.module.launcher.domain.DefaultMuleDomain: 
++++++++++++++++++++++++++++++++++++++++++++++++++++++++++++
+ New domain 'default'                                     +
++++++++++++++++++++++++++++++++++++++++++++++++++++++++++++
INFO  2018-01-04 12:32:21,869 [main] org.mule.module.launcher.domain.DefaultMuleDomain: 
++++++++++++++++++++++++++++++++++++++++++++++++++++++++++++
+ Initializing domain 'default'                            +
++++++++++++++++++++++++++++++++++++++++++++++++++++++++++++
INFO  2018-01-04 12:36:10,085 [main] org.mule.module.launcher.domain.DefaultMuleDomain: 
++++++++++++++++++++++++++++++++++++++++++++++++++++++++++++
+ New domain 'default'                                     +
++++++++++++++++++++++++++++++++++++++++++++++++++++++++++++
INFO  2018-01-04 12:36:10,085 [main] org.mule.module.launcher.domain.DefaultMuleDomain: 
++++++++++++++++++++++++++++++++++++++++++++++++++++++++++++
+ Initializing domain 'default'                            +
++++++++++++++++++++++++++++++++++++++++++++++++++++++++++++
INFO  2018-01-04 12:38:34,435 [main] org.mule.module.launcher.domain.DefaultMuleDomain: 
++++++++++++++++++++++++++++++++++++++++++++++++++++++++++++
+ New domain 'default'                                     +
++++++++++++++++++++++++++++++++++++++++++++++++++++++++++++
INFO  2018-01-04 12:38:34,435 [main] org.mule.module.launcher.domain.DefaultMuleDomain: 
++++++++++++++++++++++++++++++++++++++++++++++++++++++++++++
+ Initializing domain 'default'                            +
++++++++++++++++++++++++++++++++++++++++++++++++++++++++++++
INFO  2018-01-04 12:39:47,563 [main] org.mule.module.launcher.domain.DefaultMuleDomain: 
++++++++++++++++++++++++++++++++++++++++++++++++++++++++++++
+ New domain 'default'                                     +
++++++++++++++++++++++++++++++++++++++++++++++++++++++++++++
INFO  2018-01-04 12:39:47,563 [main] org.mule.module.launcher.domain.DefaultMuleDomain: 
++++++++++++++++++++++++++++++++++++++++++++++++++++++++++++
+ Initializing domain 'default'                            +
++++++++++++++++++++++++++++++++++++++++++++++++++++++++++++
INFO  2018-01-04 12:40:14,056 [main] org.mule.module.launcher.domain.DefaultMuleDomain: 
++++++++++++++++++++++++++++++++++++++++++++++++++++++++++++
+ New domain 'default'                                     +
++++++++++++++++++++++++++++++++++++++++++++++++++++++++++++
INFO  2018-01-04 12:40:14,056 [main] org.mule.module.launcher.domain.DefaultMuleDomain: 
++++++++++++++++++++++++++++++++++++++++++++++++++++++++++++
+ Initializing domain 'default'                            +
++++++++++++++++++++++++++++++++++++++++++++++++++++++++++++
INFO  2018-01-04 12:45:36,314 [main] org.mule.module.launcher.domain.DefaultMuleDomain: 
++++++++++++++++++++++++++++++++++++++++++++++++++++++++++++
+ New domain 'default'                                     +
++++++++++++++++++++++++++++++++++++++++++++++++++++++++++++
INFO  2018-01-04 12:45:36,314 [main] org.mule.module.launcher.domain.DefaultMuleDomain: 
++++++++++++++++++++++++++++++++++++++++++++++++++++++++++++
+ Initializing domain 'default'                            +
++++++++++++++++++++++++++++++++++++++++++++++++++++++++++++
INFO  2018-01-04 12:47:01,483 [main] org.mule.module.launcher.domain.DefaultMuleDomain: 
++++++++++++++++++++++++++++++++++++++++++++++++++++++++++++
+ New domain 'default'                                     +
++++++++++++++++++++++++++++++++++++++++++++++++++++++++++++
INFO  2018-01-04 12:47:01,492 [main] org.mule.module.launcher.domain.DefaultMuleDomain: 
++++++++++++++++++++++++++++++++++++++++++++++++++++++++++++
+ Initializing domain 'default'                            +
++++++++++++++++++++++++++++++++++++++++++++++++++++++++++++
INFO  2018-01-04 12:50:42,615 [main] org.mule.module.launcher.domain.DefaultMuleDomain: 
++++++++++++++++++++++++++++++++++++++++++++++++++++++++++++
+ New domain 'default'                                     +
++++++++++++++++++++++++++++++++++++++++++++++++++++++++++++
INFO  2018-01-04 12:50:42,615 [main] org.mule.module.launcher.domain.DefaultMuleDomain: 
++++++++++++++++++++++++++++++++++++++++++++++++++++++++++++
+ Initializing domain 'default'                            +
++++++++++++++++++++++++++++++++++++++++++++++++++++++++++++
INFO  2018-01-04 12:53:33,313 [main] org.mule.module.launcher.domain.DefaultMuleDomain: 
++++++++++++++++++++++++++++++++++++++++++++++++++++++++++++
+ New domain 'default'                                     +
++++++++++++++++++++++++++++++++++++++++++++++++++++++++++++
INFO  2018-01-04 12:53:33,313 [main] org.mule.module.launcher.domain.DefaultMuleDomain: 
++++++++++++++++++++++++++++++++++++++++++++++++++++++++++++
+ Initializing domain 'default'                            +
++++++++++++++++++++++++++++++++++++++++++++++++++++++++++++
INFO  2018-01-04 12:54:09,899 [main] org.mule.module.launcher.domain.DefaultMuleDomain: 
++++++++++++++++++++++++++++++++++++++++++++++++++++++++++++
+ New domain 'default'                                     +
++++++++++++++++++++++++++++++++++++++++++++++++++++++++++++
INFO  2018-01-04 12:54:09,899 [main] org.mule.module.launcher.domain.DefaultMuleDomain: 
++++++++++++++++++++++++++++++++++++++++++++++++++++++++++++
+ Initializing domain 'default'                            +
++++++++++++++++++++++++++++++++++++++++++++++++++++++++++++
INFO  2018-01-04 12:55:34,916 [main] org.mule.module.launcher.domain.DefaultMuleDomain: 
++++++++++++++++++++++++++++++++++++++++++++++++++++++++++++
+ New domain 'default'                                     +
++++++++++++++++++++++++++++++++++++++++++++++++++++++++++++
INFO  2018-01-04 12:55:34,916 [main] org.mule.module.launcher.domain.DefaultMuleDomain: 
++++++++++++++++++++++++++++++++++++++++++++++++++++++++++++
+ Initializing domain 'default'                            +
++++++++++++++++++++++++++++++++++++++++++++++++++++++++++++
INFO  2018-01-04 12:56:54,853 [main] org.mule.module.launcher.domain.DefaultMuleDomain: 
++++++++++++++++++++++++++++++++++++++++++++++++++++++++++++
+ New domain 'default'                                     +
++++++++++++++++++++++++++++++++++++++++++++++++++++++++++++
INFO  2018-01-04 12:56:54,853 [main] org.mule.module.launcher.domain.DefaultMuleDomain: 
++++++++++++++++++++++++++++++++++++++++++++++++++++++++++++
+ Initializing domain 'default'                            +
++++++++++++++++++++++++++++++++++++++++++++++++++++++++++++
INFO  2018-01-04 13:00:46,714 [main] org.mule.module.launcher.domain.DefaultMuleDomain: 
++++++++++++++++++++++++++++++++++++++++++++++++++++++++++++
+ New domain 'default'                                     +
++++++++++++++++++++++++++++++++++++++++++++++++++++++++++++
INFO  2018-01-04 13:00:46,714 [main] org.mule.module.launcher.domain.DefaultMuleDomain: 
++++++++++++++++++++++++++++++++++++++++++++++++++++++++++++
+ Initializing domain 'default'                            +
++++++++++++++++++++++++++++++++++++++++++++++++++++++++++++
INFO  2018-01-04 14:20:29,044 [main] org.mule.module.launcher.domain.DefaultMuleDomain: 
++++++++++++++++++++++++++++++++++++++++++++++++++++++++++++
+ New domain 'default'                                     +
++++++++++++++++++++++++++++++++++++++++++++++++++++++++++++
INFO  2018-01-04 14:20:29,044 [main] org.mule.module.launcher.domain.DefaultMuleDomain: 
++++++++++++++++++++++++++++++++++++++++++++++++++++++++++++
+ Initializing domain 'default'                            +
++++++++++++++++++++++++++++++++++++++++++++++++++++++++++++
INFO  2018-01-04 14:22:57,960 [main] org.mule.module.launcher.domain.DefaultMuleDomain: 
++++++++++++++++++++++++++++++++++++++++++++++++++++++++++++
+ New domain 'default'                                     +
++++++++++++++++++++++++++++++++++++++++++++++++++++++++++++
INFO  2018-01-04 14:22:57,965 [main] org.mule.module.launcher.domain.DefaultMuleDomain: 
++++++++++++++++++++++++++++++++++++++++++++++++++++++++++++
+ Initializing domain 'default'                            +
++++++++++++++++++++++++++++++++++++++++++++++++++++++++++++
INFO  2018-01-04 15:28:42,952 [main] org.mule.module.launcher.domain.DefaultMuleDomain: 
++++++++++++++++++++++++++++++++++++++++++++++++++++++++++++
+ New domain 'default'                                     +
++++++++++++++++++++++++++++++++++++++++++++++++++++++++++++
INFO  2018-01-04 15:28:42,953 [main] org.mule.module.launcher.domain.DefaultMuleDomain: 
++++++++++++++++++++++++++++++++++++++++++++++++++++++++++++
+ Initializing domain 'default'                            +
++++++++++++++++++++++++++++++++++++++++++++++++++++++++++++
INFO  2018-01-04 15:35:51,229 [main] org.mule.module.launcher.domain.DefaultMuleDomain: 
++++++++++++++++++++++++++++++++++++++++++++++++++++++++++++
+ New domain 'default'                                     +
++++++++++++++++++++++++++++++++++++++++++++++++++++++++++++
INFO  2018-01-04 15:35:51,230 [main] org.mule.module.launcher.domain.DefaultMuleDomain: 
++++++++++++++++++++++++++++++++++++++++++++++++++++++++++++
+ Initializing domain 'default'                            +
++++++++++++++++++++++++++++++++++++++++++++++++++++++++++++
INFO  2018-01-04 16:01:46,849 [main] org.mule.module.launcher.domain.DefaultMuleDomain: 
++++++++++++++++++++++++++++++++++++++++++++++++++++++++++++
+ New domain 'default'                                     +
++++++++++++++++++++++++++++++++++++++++++++++++++++++++++++
INFO  2018-01-04 16:01:46,850 [main] org.mule.module.launcher.domain.DefaultMuleDomain: 
++++++++++++++++++++++++++++++++++++++++++++++++++++++++++++
+ Initializing domain 'default'                            +
++++++++++++++++++++++++++++++++++++++++++++++++++++++++++++
INFO  2018-01-04 16:12:08,589 [main] org.mule.module.launcher.domain.DefaultMuleDomain: 
++++++++++++++++++++++++++++++++++++++++++++++++++++++++++++
+ New domain 'default'                                     +
++++++++++++++++++++++++++++++++++++++++++++++++++++++++++++
INFO  2018-01-04 16:12:08,591 [main] org.mule.module.launcher.domain.DefaultMuleDomain: 
++++++++++++++++++++++++++++++++++++++++++++++++++++++++++++
+ Initializing domain 'default'                            +
++++++++++++++++++++++++++++++++++++++++++++++++++++++++++++
INFO  2018-01-04 16:17:08,982 [main] org.mule.module.launcher.domain.DefaultMuleDomain: 
++++++++++++++++++++++++++++++++++++++++++++++++++++++++++++
+ New domain 'default'                                     +
++++++++++++++++++++++++++++++++++++++++++++++++++++++++++++
INFO  2018-01-04 16:17:08,982 [main] org.mule.module.launcher.domain.DefaultMuleDomain: 
++++++++++++++++++++++++++++++++++++++++++++++++++++++++++++
+ Initializing domain 'default'                            +
++++++++++++++++++++++++++++++++++++++++++++++++++++++++++++
INFO  2018-01-04 17:43:16,049 [main] org.mule.module.launcher.domain.DefaultMuleDomain: 
++++++++++++++++++++++++++++++++++++++++++++++++++++++++++++
+ New domain 'default'                                     +
++++++++++++++++++++++++++++++++++++++++++++++++++++++++++++
INFO  2018-01-04 17:43:16,050 [main] org.mule.module.launcher.domain.DefaultMuleDomain: 
++++++++++++++++++++++++++++++++++++++++++++++++++++++++++++
+ Initializing domain 'default'                            +
++++++++++++++++++++++++++++++++++++++++++++++++++++++++++++
INFO  2018-01-04 17:48:01,973 [main] org.mule.module.launcher.domain.DefaultMuleDomain: 
++++++++++++++++++++++++++++++++++++++++++++++++++++++++++++
+ New domain 'default'                                     +
++++++++++++++++++++++++++++++++++++++++++++++++++++++++++++
INFO  2018-01-04 17:48:01,979 [main] org.mule.module.launcher.domain.DefaultMuleDomain: 
++++++++++++++++++++++++++++++++++++++++++++++++++++++++++++
+ Initializing domain 'default'                            +
++++++++++++++++++++++++++++++++++++++++++++++++++++++++++++
INFO  2018-01-04 18:10:03,230 [main] org.mule.module.launcher.domain.DefaultMuleDomain: 
++++++++++++++++++++++++++++++++++++++++++++++++++++++++++++
+ New domain 'default'                                     +
++++++++++++++++++++++++++++++++++++++++++++++++++++++++++++
INFO  2018-01-04 18:10:03,231 [main] org.mule.module.launcher.domain.DefaultMuleDomain: 
++++++++++++++++++++++++++++++++++++++++++++++++++++++++++++
+ Initializing domain 'default'                            +
++++++++++++++++++++++++++++++++++++++++++++++++++++++++++++
INFO  2018-01-04 18:13:42,087 [main] org.mule.module.launcher.domain.DefaultMuleDomain: 
++++++++++++++++++++++++++++++++++++++++++++++++++++++++++++
+ New domain 'default'                                     +
++++++++++++++++++++++++++++++++++++++++++++++++++++++++++++
INFO  2018-01-04 18:13:42,088 [main] org.mule.module.launcher.domain.DefaultMuleDomain: 
++++++++++++++++++++++++++++++++++++++++++++++++++++++++++++
+ Initializing domain 'default'                            +
++++++++++++++++++++++++++++++++++++++++++++++++++++++++++++
INFO  2018-01-04 18:15:03,947 [main] org.mule.module.launcher.domain.DefaultMuleDomain: 
++++++++++++++++++++++++++++++++++++++++++++++++++++++++++++
+ New domain 'default'                                     +
++++++++++++++++++++++++++++++++++++++++++++++++++++++++++++
INFO  2018-01-04 18:15:03,948 [main] org.mule.module.launcher.domain.DefaultMuleDomain: 
++++++++++++++++++++++++++++++++++++++++++++++++++++++++++++
+ Initializing domain 'default'                            +
++++++++++++++++++++++++++++++++++++++++++++++++++++++++++++
INFO  2018-01-04 18:16:05,852 [main] org.mule.module.launcher.domain.DefaultMuleDomain: 
++++++++++++++++++++++++++++++++++++++++++++++++++++++++++++
+ New domain 'default'                                     +
++++++++++++++++++++++++++++++++++++++++++++++++++++++++++++
INFO  2018-01-04 18:16:05,860 [main] org.mule.module.launcher.domain.DefaultMuleDomain: 
++++++++++++++++++++++++++++++++++++++++++++++++++++++++++++
+ Initializing domain 'default'                            +
++++++++++++++++++++++++++++++++++++++++++++++++++++++++++++
INFO  2018-01-04 18:17:11,002 [main] org.mule.module.launcher.domain.DefaultMuleDomain: 
++++++++++++++++++++++++++++++++++++++++++++++++++++++++++++
+ New domain 'default'                                     +
++++++++++++++++++++++++++++++++++++++++++++++++++++++++++++
INFO  2018-01-04 18:17:11,007 [main] org.mule.module.launcher.domain.DefaultMuleDomain: 
++++++++++++++++++++++++++++++++++++++++++++++++++++++++++++
+ Initializing domain 'default'                            +
++++++++++++++++++++++++++++++++++++++++++++++++++++++++++++
INFO  2018-01-04 18:22:00,096 [main] org.mule.module.launcher.domain.DefaultMuleDomain: 
++++++++++++++++++++++++++++++++++++++++++++++++++++++++++++
+ New domain 'default'                                     +
++++++++++++++++++++++++++++++++++++++++++++++++++++++++++++
INFO  2018-01-04 18:22:00,107 [main] org.mule.module.launcher.domain.DefaultMuleDomain: 
++++++++++++++++++++++++++++++++++++++++++++++++++++++++++++
+ Initializing domain 'default'                            +
++++++++++++++++++++++++++++++++++++++++++++++++++++++++++++
