2018-01-04 16:01:47,122 [main] INFO  org.mule.module.launcher.application.DefaultMuleApplication - 
++++++++++++++++++++++++++++++++++++++++++++++++++++++++++++
+ Initializing app 'simplesoap'                            +
++++++++++++++++++++++++++++++++++++++++++++++++++++++++++++
2018-01-04 16:01:47,432 [main] INFO  org.mule.lifecycle.AbstractLifecycleManager - Initialising RegistryBroker
2018-01-04 16:01:47,663 [main] INFO  org.mule.module.extension.internal.manager.DefaultExtensionManager - Starting discovery of extensions
2018-01-04 16:01:47,980 [main] INFO  org.mule.module.extension.internal.manager.DefaultExtensionManager - Discovered 1 extensions
2018-01-04 16:01:47,980 [main] INFO  org.mule.module.extension.internal.manager.DefaultExtensionManager - Registering extension validation (version 3.8)
2018-01-04 16:01:48,187 [main] INFO  org.mule.config.spring.MuleArtifactContext - Refreshing org.mule.config.spring.MuleArtifactContext@3d6300e8: startup date [Thu Jan 04 16:01:48 IST 2018]; root of context hierarchy
2018-01-04 16:01:51,311 [main] INFO  org.mule.config.spring.processors.NoDevkitInjectorProcessor - JSR-330 'javax.inject.Inject' annotation found and supported for autowiring
2018-01-04 16:01:53,251 [main] WARN  org.mule.module.ognl.expression.OgnlExpressionEvaluator - OGNL module is deprecated and will be removed in Mule 4.0. Use MEL expressions instead.
2018-01-04 16:01:54,751 [main] INFO  org.mule.util.journal.TransactionJournal - Using files for tx logs C:\Users\M1043068\AnypointStudio\workspace\.mule\.\.mule\simplesoap\queue-tx-log\tx1.log and C:\Users\M1043068\AnypointStudio\workspace\.mule\.\.mule\simplesoap\queue-tx-log\tx2.log
2018-01-04 16:01:54,786 [main] INFO  org.mule.util.journal.TransactionJournal - Using files for tx logs C:\Users\M1043068\AnypointStudio\workspace\.mule\.\.mule\simplesoap\queue-xa-tx-log\tx1.log and C:\Users\M1043068\AnypointStudio\workspace\.mule\.\.mule\simplesoap\queue-xa-tx-log\tx2.log
2018-01-04 16:01:54,994 [main] INFO  org.mule.lifecycle.AbstractLifecycleManager - Initialising model: _muleSystemModel
2018-01-04 16:01:54,994 [main] INFO  org.mule.construct.FlowConstructLifecycleManager - Initialising flow: simplesoapFlow
2018-01-04 16:01:55,010 [main] INFO  org.mule.exception.DefaultMessagingExceptionStrategy - Initialising exception listener: org.mule.exception.DefaultMessagingExceptionStrategy@2eda072
2018-01-04 16:01:55,090 [main] INFO  org.mule.processor.SedaStageLifecycleManager - Initialising service: simplesoapFlow.stage1
2018-01-04 16:01:55,933 [main] INFO  org.mule.module.cxf.config.WebServiceFactoryBean - Built CXF Inbound MessageProcessor for service class com.main.interface1
2018-01-04 16:01:57,208 [main] INFO  org.mule.component.ComponentLifecycleManager - Initialising component: component.356539350
2018-01-04 16:01:57,802 [main] INFO  org.mule.config.spring.SpringXmlConfigurationBuilder - Configured Mule using "org.mule.config.spring.SpringXmlConfigurationBuilder" with configuration resource(s): "[ConfigResource{resourceName='C:\Users\M1043068\AnypointStudio\workspace\.mule\apps\simplesoap\simplesoap.xml'}]"
2018-01-04 16:01:57,804 [main] INFO  org.mule.config.builders.AutoConfigurationBuilder - Configured Mule using "org.mule.config.builders.AutoConfigurationBuilder" with configuration resource(s): "[ConfigResource{resourceName='C:\Users\M1043068\AnypointStudio\workspace\.mule\apps\simplesoap\simplesoap.xml'}]"
2018-01-04 16:02:00,837 [main] INFO  org.mule.module.launcher.application.DefaultMuleApplication - 
++++++++++++++++++++++++++++++++++++++++++++++++++++++++++++
+ Starting app 'simplesoap'                                +
++++++++++++++++++++++++++++++++++++++++++++++++++++++++++++
2018-01-04 16:02:00,850 [main] INFO  org.mule.util.queue.QueueXaResourceManager - Starting ResourceManager
2018-01-04 16:02:00,850 [main] INFO  org.mule.util.queue.QueueXaResourceManager - Started ResourceManager
2018-01-04 16:02:00,932 [main] INFO  org.mule.module.http.internal.listener.DefaultHttpListenerConfig - Listening for requests on http://0.0.0.0:8081
2018-01-04 16:02:00,947 [main] INFO  org.mule.modules.oauth2.provider.agents.DefaultSplashScreenAgent - 
++++++++++++++++++++++++++++++++++++++++++++++++++++++++++++++++++++++++++++++++
+ DevKit Extensions (0) used in this application 
                             +
++++++++++++++++++++++++++++++++++++++++++++++++++++++++++++++++++++++++++++++++
2018-01-04 16:02:00,947 [main] INFO  org.mule.lifecycle.AbstractLifecycleManager - Starting model: _muleSystemModel
2018-01-04 16:02:00,947 [main] INFO  org.mule.construct.FlowConstructLifecycleManager - Starting flow: simplesoapFlow
2018-01-04 16:02:00,947 [main] INFO  org.mule.processor.SedaStageLifecycleManager - Starting service: simplesoapFlow.stage1
2018-01-04 16:02:00,963 [main] INFO  org.mule.component.ComponentLifecycleManager - Starting component: component.356539350
2018-01-04 16:02:01,025 [main] INFO  org.mule.module.management.agent.WrapperManagerAgent - This JVM hasn't been launched by the wrapper, the agent will not run.
2018-01-04 16:02:01,067 [main] INFO  org.mule.DefaultMuleContext - 
**********************************************************************
* Application: simplesoap                                            *
* OS encoding: \, Mule encoding: UTF-8                               *
*                                                                    *
* Agents Running:                                                    *
*   DevKit Extension Information                                     *
*   JMX Agent                                                        *
*   Batch module default engine                                      *
*   Wrapper Manager                                                  *
**********************************************************************
2018-01-04 16:12:20,587 [main] INFO  org.mule.module.launcher.application.DefaultMuleApplication - 
++++++++++++++++++++++++++++++++++++++++++++++++++++++++++++
+ Initializing app 'simplesoap'                            +
++++++++++++++++++++++++++++++++++++++++++++++++++++++++++++
2018-01-04 16:12:20,587 [main] WARN  com.mulesoft.module.client.APIPlatformClientCoreExtension - Client ID or Client Secret were not provided. API Manager client is DISABLED for app simplesaopconsume
2018-01-04 16:12:20,603 [main] INFO  org.mule.lifecycle.AbstractLifecycleManager - Initialising RegistryBroker
2018-01-04 16:12:20,603 [main] INFO  org.mule.module.extension.internal.manager.DefaultExtensionManager - Starting discovery of extensions
2018-01-04 16:12:20,634 [main] INFO  org.mule.module.extension.internal.manager.DefaultExtensionManager - Discovered 1 extensions
2018-01-04 16:12:20,634 [main] INFO  org.mule.module.extension.internal.manager.DefaultExtensionManager - Registering extension validation (version 3.8)
2018-01-04 16:12:20,650 [main] INFO  org.mule.config.spring.MuleArtifactContext - Refreshing org.mule.config.spring.MuleArtifactContext@1002d192: startup date [Thu Jan 04 16:12:20 IST 2018]; root of context hierarchy
2018-01-04 16:12:21,488 [main] INFO  org.mule.config.spring.processors.NoDevkitInjectorProcessor - JSR-330 'javax.inject.Inject' annotation found and supported for autowiring
2018-01-04 16:12:21,920 [main] INFO  org.mule.util.journal.TransactionJournal - Using files for tx logs C:\Users\M1043068\AnypointStudio\workspace\.mule\.\.mule\simplesoap\queue-tx-log\tx1.log and C:\Users\M1043068\AnypointStudio\workspace\.mule\.\.mule\simplesoap\queue-tx-log\tx2.log
2018-01-04 16:12:21,935 [main] INFO  org.mule.util.journal.TransactionJournal - Using files for tx logs C:\Users\M1043068\AnypointStudio\workspace\.mule\.\.mule\simplesoap\queue-xa-tx-log\tx1.log and C:\Users\M1043068\AnypointStudio\workspace\.mule\.\.mule\simplesoap\queue-xa-tx-log\tx2.log
2018-01-04 16:12:22,014 [main] INFO  org.mule.lifecycle.AbstractLifecycleManager - Initialising model: _muleSystemModel
2018-01-04 16:12:22,029 [main] INFO  org.mule.construct.FlowConstructLifecycleManager - Initialising flow: simplesoapFlow
2018-01-04 16:12:22,029 [main] INFO  org.mule.exception.DefaultMessagingExceptionStrategy - Initialising exception listener: org.mule.exception.DefaultMessagingExceptionStrategy@2e204155
2018-01-04 16:12:22,045 [main] INFO  org.mule.processor.SedaStageLifecycleManager - Initialising service: simplesoapFlow.stage1
2018-01-04 16:12:22,131 [main] INFO  org.mule.module.cxf.config.WebServiceFactoryBean - Built CXF Inbound MessageProcessor for service class com.main.interface1
2018-01-04 16:12:23,056 [main] INFO  org.mule.component.ComponentLifecycleManager - Initialising component: component.693831648
2018-01-04 16:12:23,193 [main] INFO  org.mule.config.spring.SpringXmlConfigurationBuilder - Configured Mule using "org.mule.config.spring.SpringXmlConfigurationBuilder" with configuration resource(s): "[ConfigResource{resourceName='C:\Users\M1043068\AnypointStudio\workspace\.mule\apps\simplesoap\simplesoap.xml'}]"
2018-01-04 16:12:23,193 [main] INFO  org.mule.config.builders.AutoConfigurationBuilder - Configured Mule using "org.mule.config.builders.AutoConfigurationBuilder" with configuration resource(s): "[ConfigResource{resourceName='C:\Users\M1043068\AnypointStudio\workspace\.mule\apps\simplesoap\simplesoap.xml'}]"
2018-01-04 16:12:26,208 [main] INFO  org.mule.module.launcher.application.DefaultMuleApplication - 
++++++++++++++++++++++++++++++++++++++++++++++++++++++++++++
+ Starting app 'simplesoap'                                +
++++++++++++++++++++++++++++++++++++++++++++++++++++++++++++
2018-01-04 16:12:26,212 [main] INFO  org.mule.util.queue.QueueXaResourceManager - Starting ResourceManager
2018-01-04 16:12:26,212 [main] INFO  org.mule.util.queue.QueueXaResourceManager - Started ResourceManager
2018-01-04 16:12:26,239 [main] INFO  org.mule.module.http.internal.listener.DefaultHttpListenerConfig - Listening for requests on http://0.0.0.0:8081
2018-01-04 16:12:26,241 [main] INFO  org.mule.modules.oauth2.provider.agents.DefaultSplashScreenAgent - 
++++++++++++++++++++++++++++++++++++++++++++++++++++++++++++++++++++++++++++++++
+ DevKit Extensions (0) used in this application 
                             +
++++++++++++++++++++++++++++++++++++++++++++++++++++++++++++++++++++++++++++++++
2018-01-04 16:12:26,245 [main] INFO  org.mule.lifecycle.AbstractLifecycleManager - Starting model: _muleSystemModel
2018-01-04 16:12:26,246 [main] INFO  org.mule.construct.FlowConstructLifecycleManager - Starting flow: simplesoapFlow
2018-01-04 16:12:26,246 [main] INFO  org.mule.processor.SedaStageLifecycleManager - Starting service: simplesoapFlow.stage1
2018-01-04 16:12:26,253 [main] INFO  org.mule.component.ComponentLifecycleManager - Starting component: component.693831648
2018-01-04 16:12:26,275 [main] INFO  org.mule.module.management.agent.WrapperManagerAgent - This JVM hasn't been launched by the wrapper, the agent will not run.
2018-01-04 16:12:26,284 [main] INFO  org.mule.DefaultMuleContext - 
**********************************************************************
* Application: simplesoap                                            *
* OS encoding: \, Mule encoding: UTF-8                               *
*                                                                    *
* Agents Running:                                                    *
*   DevKit Extension Information                                     *
*   JMX Agent                                                        *
*   Batch module default engine                                      *
*   Wrapper Manager                                                  *
**********************************************************************
2018-01-04 16:17:21,376 [main] INFO  org.mule.module.launcher.application.DefaultMuleApplication - 
++++++++++++++++++++++++++++++++++++++++++++++++++++++++++++
+ Initializing app 'simplesoap'                            +
++++++++++++++++++++++++++++++++++++++++++++++++++++++++++++
2018-01-04 16:17:21,389 [main] WARN  com.mulesoft.module.client.APIPlatformClientCoreExtension - Client ID or Client Secret were not provided. API Manager client is DISABLED for app simplesaopconsume
2018-01-04 16:17:21,393 [main] INFO  org.mule.lifecycle.AbstractLifecycleManager - Initialising RegistryBroker
2018-01-04 16:17:21,399 [main] INFO  org.mule.module.extension.internal.manager.DefaultExtensionManager - Starting discovery of extensions
2018-01-04 16:17:21,454 [main] INFO  org.mule.module.extension.internal.manager.DefaultExtensionManager - Discovered 1 extensions
2018-01-04 16:17:21,454 [main] INFO  org.mule.module.extension.internal.manager.DefaultExtensionManager - Registering extension validation (version 3.8)
2018-01-04 16:17:21,454 [main] INFO  org.mule.config.spring.MuleArtifactContext - Refreshing org.mule.config.spring.MuleArtifactContext@4044589a: startup date [Thu Jan 04 16:17:21 IST 2018]; root of context hierarchy
2018-01-04 16:17:22,574 [main] INFO  org.mule.config.spring.processors.NoDevkitInjectorProcessor - JSR-330 'javax.inject.Inject' annotation found and supported for autowiring
2018-01-04 16:17:22,982 [main] INFO  org.mule.util.journal.TransactionJournal - Using files for tx logs C:\Users\M1043068\AnypointStudio\workspace\.mule\.\.mule\simplesoap\queue-tx-log\tx1.log and C:\Users\M1043068\AnypointStudio\workspace\.mule\.\.mule\simplesoap\queue-tx-log\tx2.log
2018-01-04 16:17:22,982 [main] INFO  org.mule.util.journal.TransactionJournal - Using files for tx logs C:\Users\M1043068\AnypointStudio\workspace\.mule\.\.mule\simplesoap\queue-xa-tx-log\tx1.log and C:\Users\M1043068\AnypointStudio\workspace\.mule\.\.mule\simplesoap\queue-xa-tx-log\tx2.log
2018-01-04 16:17:22,998 [main] INFO  org.mule.lifecycle.AbstractLifecycleManager - Initialising model: _muleSystemModel
2018-01-04 16:17:22,998 [main] INFO  org.mule.construct.FlowConstructLifecycleManager - Initialising flow: simplesoapFlow
2018-01-04 16:17:22,998 [main] INFO  org.mule.exception.DefaultMessagingExceptionStrategy - Initialising exception listener: org.mule.exception.DefaultMessagingExceptionStrategy@2e204155
2018-01-04 16:17:23,014 [main] INFO  org.mule.processor.SedaStageLifecycleManager - Initialising service: simplesoapFlow.stage1
2018-01-04 16:17:23,074 [main] INFO  org.mule.module.cxf.config.WebServiceFactoryBean - Built CXF Inbound MessageProcessor for service class com.main.interface1
2018-01-04 16:17:23,844 [main] INFO  org.mule.component.ComponentLifecycleManager - Initialising component: component.831775261
2018-01-04 16:17:23,953 [main] INFO  org.mule.config.spring.SpringXmlConfigurationBuilder - Configured Mule using "org.mule.config.spring.SpringXmlConfigurationBuilder" with configuration resource(s): "[ConfigResource{resourceName='C:\Users\M1043068\AnypointStudio\workspace\.mule\apps\simplesoap\simplesoap.xml'}]"
2018-01-04 16:17:23,953 [main] INFO  org.mule.config.builders.AutoConfigurationBuilder - Configured Mule using "org.mule.config.builders.AutoConfigurationBuilder" with configuration resource(s): "[ConfigResource{resourceName='C:\Users\M1043068\AnypointStudio\workspace\.mule\apps\simplesoap\simplesoap.xml'}]"
2018-01-04 16:17:26,953 [main] INFO  org.mule.module.launcher.application.DefaultMuleApplication - 
++++++++++++++++++++++++++++++++++++++++++++++++++++++++++++
+ Starting app 'simplesoap'                                +
++++++++++++++++++++++++++++++++++++++++++++++++++++++++++++
2018-01-04 16:17:26,958 [main] INFO  org.mule.util.queue.QueueXaResourceManager - Starting ResourceManager
2018-01-04 16:17:26,958 [main] INFO  org.mule.util.queue.QueueXaResourceManager - Started ResourceManager
2018-01-04 16:17:26,973 [main] INFO  org.mule.module.http.internal.listener.DefaultHttpListenerConfig - Listening for requests on http://0.0.0.0:8081
2018-01-04 16:17:26,973 [main] INFO  org.mule.modules.oauth2.provider.agents.DefaultSplashScreenAgent - 
++++++++++++++++++++++++++++++++++++++++++++++++++++++++++++++++++++++++++++++++
+ DevKit Extensions (0) used in this application 
                             +
++++++++++++++++++++++++++++++++++++++++++++++++++++++++++++++++++++++++++++++++
2018-01-04 16:17:26,973 [main] INFO  org.mule.lifecycle.AbstractLifecycleManager - Starting model: _muleSystemModel
2018-01-04 16:17:26,973 [main] INFO  org.mule.construct.FlowConstructLifecycleManager - Starting flow: simplesoapFlow
2018-01-04 16:17:26,973 [main] INFO  org.mule.processor.SedaStageLifecycleManager - Starting service: simplesoapFlow.stage1
2018-01-04 16:17:26,989 [main] INFO  org.mule.component.ComponentLifecycleManager - Starting component: component.831775261
2018-01-04 16:17:27,005 [main] INFO  org.mule.module.management.agent.WrapperManagerAgent - This JVM hasn't been launched by the wrapper, the agent will not run.
2018-01-04 16:17:27,020 [main] INFO  org.mule.DefaultMuleContext - 
**********************************************************************
* Application: simplesoap                                            *
* OS encoding: \, Mule encoding: UTF-8                               *
*                                                                    *
* Agents Running:                                                    *
*   DevKit Extension Information                                     *
*   JMX Agent                                                        *
*   Batch module default engine                                      *
*   Wrapper Manager                                                  *
**********************************************************************
