2018-01-04 17:43:16,283 [main] INFO  org.mule.module.launcher.application.DefaultMuleApplication - 
++++++++++++++++++++++++++++++++++++++++++++++++++++++++++++
+ Initializing app 'soap1'                                 +
++++++++++++++++++++++++++++++++++++++++++++++++++++++++++++
2018-01-04 17:43:16,595 [main] INFO  org.mule.lifecycle.AbstractLifecycleManager - Initialising RegistryBroker
2018-01-04 17:43:16,821 [main] INFO  org.mule.module.extension.internal.manager.DefaultExtensionManager - Starting discovery of extensions
2018-01-04 17:43:17,059 [main] INFO  org.mule.module.extension.internal.manager.DefaultExtensionManager - Discovered 1 extensions
2018-01-04 17:43:17,059 [main] INFO  org.mule.module.extension.internal.manager.DefaultExtensionManager - Registering extension validation (version 3.8)
2018-01-04 17:43:17,219 [main] INFO  org.mule.config.spring.MuleArtifactContext - Refreshing org.mule.config.spring.MuleArtifactContext@3d6300e8: startup date [Thu Jan 04 17:43:17 IST 2018]; root of context hierarchy
2018-01-04 17:43:19,902 [main] INFO  org.mule.config.spring.processors.NoDevkitInjectorProcessor - JSR-330 'javax.inject.Inject' annotation found and supported for autowiring
2018-01-04 17:43:21,234 [main] WARN  org.mule.module.ognl.expression.OgnlExpressionEvaluator - OGNL module is deprecated and will be removed in Mule 4.0. Use MEL expressions instead.
2018-01-04 17:43:22,508 [main] INFO  org.mule.util.journal.TransactionJournal - Using files for tx logs C:\Users\M1043068\AnypointStudio\workspace\.mule\.\.mule\soap1\queue-tx-log\tx1.log and C:\Users\M1043068\AnypointStudio\workspace\.mule\.\.mule\soap1\queue-tx-log\tx2.log
2018-01-04 17:43:22,546 [main] INFO  org.mule.util.journal.TransactionJournal - Using files for tx logs C:\Users\M1043068\AnypointStudio\workspace\.mule\.\.mule\soap1\queue-xa-tx-log\tx1.log and C:\Users\M1043068\AnypointStudio\workspace\.mule\.\.mule\soap1\queue-xa-tx-log\tx2.log
2018-01-04 17:43:22,764 [main] INFO  org.mule.lifecycle.AbstractLifecycleManager - Initialising model: _muleSystemModel
2018-01-04 17:43:22,770 [main] INFO  org.mule.construct.FlowConstructLifecycleManager - Initialising flow: soap1Flow
2018-01-04 17:43:22,770 [main] INFO  org.mule.exception.DefaultMessagingExceptionStrategy - Initialising exception listener: org.mule.exception.DefaultMessagingExceptionStrategy@2eda072
2018-01-04 17:43:22,835 [main] INFO  org.mule.processor.SedaStageLifecycleManager - Initialising service: soap1Flow.stage1
2018-01-04 17:43:23,701 [main] INFO  org.mule.module.cxf.config.WebServiceFactoryBean - Built CXF Inbound MessageProcessor for service class com.main.inter
2018-01-04 17:43:25,487 [main] INFO  org.mule.component.ComponentLifecycleManager - Initialising component: component.356539350
2018-01-04 17:43:26,244 [main] INFO  org.mule.config.spring.SpringXmlConfigurationBuilder - Configured Mule using "org.mule.config.spring.SpringXmlConfigurationBuilder" with configuration resource(s): "[ConfigResource{resourceName='C:\Users\M1043068\AnypointStudio\workspace\.mule\apps\soap1\soap1.xml'}]"
2018-01-04 17:43:26,245 [main] INFO  org.mule.config.builders.AutoConfigurationBuilder - Configured Mule using "org.mule.config.builders.AutoConfigurationBuilder" with configuration resource(s): "[ConfigResource{resourceName='C:\Users\M1043068\AnypointStudio\workspace\.mule\apps\soap1\soap1.xml'}]"
2018-01-04 17:43:29,295 [main] INFO  org.mule.module.launcher.application.DefaultMuleApplication - 
++++++++++++++++++++++++++++++++++++++++++++++++++++++++++++
+ Starting app 'soap1'                                     +
++++++++++++++++++++++++++++++++++++++++++++++++++++++++++++
2018-01-04 17:43:29,299 [main] INFO  org.mule.util.queue.QueueXaResourceManager - Starting ResourceManager
2018-01-04 17:43:29,300 [main] INFO  org.mule.util.queue.QueueXaResourceManager - Started ResourceManager
2018-01-04 17:43:29,420 [main] INFO  org.mule.module.http.internal.listener.DefaultHttpListenerConfig - Listening for requests on http://0.0.0.0:8081
2018-01-04 17:43:29,424 [main] INFO  org.mule.modules.oauth2.provider.agents.DefaultSplashScreenAgent - 
++++++++++++++++++++++++++++++++++++++++++++++++++++++++++++++++++++++++++++++++
+ DevKit Extensions (0) used in this application 
                             +
++++++++++++++++++++++++++++++++++++++++++++++++++++++++++++++++++++++++++++++++
2018-01-04 17:43:29,430 [main] INFO  org.mule.lifecycle.AbstractLifecycleManager - Starting model: _muleSystemModel
2018-01-04 17:43:29,432 [main] INFO  org.mule.construct.FlowConstructLifecycleManager - Starting flow: soap1Flow
2018-01-04 17:43:29,433 [main] INFO  org.mule.processor.SedaStageLifecycleManager - Starting service: soap1Flow.stage1
2018-01-04 17:43:29,442 [main] INFO  org.mule.component.ComponentLifecycleManager - Starting component: component.356539350
2018-01-04 17:43:29,537 [main] INFO  org.mule.module.management.agent.WrapperManagerAgent - This JVM hasn't been launched by the wrapper, the agent will not run.
2018-01-04 17:43:29,574 [main] INFO  org.mule.DefaultMuleContext - 
**********************************************************************
* Application: soap1                                                 *
* OS encoding: \, Mule encoding: UTF-8                               *
*                                                                    *
* Agents Running:                                                    *
*   DevKit Extension Information                                     *
*   JMX Agent                                                        *
*   Batch module default engine                                      *
*   Wrapper Manager                                                  *
**********************************************************************
2018-01-04 17:48:15,937 [main] INFO  org.mule.module.launcher.application.DefaultMuleApplication - 
++++++++++++++++++++++++++++++++++++++++++++++++++++++++++++
+ Initializing app 'soap1'                                 +
++++++++++++++++++++++++++++++++++++++++++++++++++++++++++++
2018-01-04 17:48:15,944 [main] WARN  com.mulesoft.module.client.APIPlatformClientCoreExtension - Client ID or Client Secret were not provided. API Manager client is DISABLED for app implementationsoap
2018-01-04 17:48:15,950 [main] INFO  org.mule.lifecycle.AbstractLifecycleManager - Initialising RegistryBroker
2018-01-04 17:48:15,958 [main] INFO  org.mule.module.extension.internal.manager.DefaultExtensionManager - Starting discovery of extensions
2018-01-04 17:48:15,989 [main] INFO  org.mule.module.extension.internal.manager.DefaultExtensionManager - Discovered 1 extensions
2018-01-04 17:48:15,989 [main] INFO  org.mule.module.extension.internal.manager.DefaultExtensionManager - Registering extension validation (version 3.8)
2018-01-04 17:48:16,021 [main] INFO  org.mule.config.spring.MuleArtifactContext - Refreshing org.mule.config.spring.MuleArtifactContext@1ccc1026: startup date [Thu Jan 04 17:48:16 IST 2018]; root of context hierarchy
2018-01-04 17:48:16,886 [main] INFO  org.mule.config.spring.processors.NoDevkitInjectorProcessor - JSR-330 'javax.inject.Inject' annotation found and supported for autowiring
2018-01-04 17:48:17,361 [main] INFO  org.mule.util.journal.TransactionJournal - Using files for tx logs C:\Users\M1043068\AnypointStudio\workspace\.mule\.\.mule\soap1\queue-tx-log\tx1.log and C:\Users\M1043068\AnypointStudio\workspace\.mule\.\.mule\soap1\queue-tx-log\tx2.log
2018-01-04 17:48:17,368 [main] INFO  org.mule.util.journal.TransactionJournal - Using files for tx logs C:\Users\M1043068\AnypointStudio\workspace\.mule\.\.mule\soap1\queue-xa-tx-log\tx1.log and C:\Users\M1043068\AnypointStudio\workspace\.mule\.\.mule\soap1\queue-xa-tx-log\tx2.log
2018-01-04 17:48:17,411 [main] INFO  org.mule.lifecycle.AbstractLifecycleManager - Initialising model: _muleSystemModel
2018-01-04 17:48:17,422 [main] INFO  org.mule.construct.FlowConstructLifecycleManager - Initialising flow: soap1Flow
2018-01-04 17:48:17,424 [main] INFO  org.mule.exception.DefaultMessagingExceptionStrategy - Initialising exception listener: org.mule.exception.DefaultMessagingExceptionStrategy@6313b441
2018-01-04 17:48:17,442 [main] INFO  org.mule.processor.SedaStageLifecycleManager - Initialising service: soap1Flow.stage1
2018-01-04 17:48:17,514 [main] INFO  org.mule.module.cxf.config.WebServiceFactoryBean - Built CXF Inbound MessageProcessor for service class com.main.inter
2018-01-04 17:48:18,445 [main] INFO  org.mule.component.ComponentLifecycleManager - Initialising component: component.1552127607
2018-01-04 17:48:18,574 [main] INFO  org.mule.config.spring.SpringXmlConfigurationBuilder - Configured Mule using "org.mule.config.spring.SpringXmlConfigurationBuilder" with configuration resource(s): "[ConfigResource{resourceName='C:\Users\M1043068\AnypointStudio\workspace\.mule\apps\soap1\soap1.xml'}]"
2018-01-04 17:48:18,574 [main] INFO  org.mule.config.builders.AutoConfigurationBuilder - Configured Mule using "org.mule.config.builders.AutoConfigurationBuilder" with configuration resource(s): "[ConfigResource{resourceName='C:\Users\M1043068\AnypointStudio\workspace\.mule\apps\soap1\soap1.xml'}]"
2018-01-04 17:48:21,583 [main] INFO  org.mule.module.launcher.application.DefaultMuleApplication - 
++++++++++++++++++++++++++++++++++++++++++++++++++++++++++++
+ Starting app 'soap1'                                     +
++++++++++++++++++++++++++++++++++++++++++++++++++++++++++++
2018-01-04 17:48:21,591 [main] INFO  org.mule.util.queue.QueueXaResourceManager - Starting ResourceManager
2018-01-04 17:48:21,591 [main] INFO  org.mule.util.queue.QueueXaResourceManager - Started ResourceManager
2018-01-04 17:48:21,674 [main] INFO  org.mule.module.http.internal.listener.DefaultHttpListenerConfig - Listening for requests on http://0.0.0.0:8081
2018-01-04 17:48:21,684 [main] INFO  org.mule.modules.oauth2.provider.agents.DefaultSplashScreenAgent - 
++++++++++++++++++++++++++++++++++++++++++++++++++++++++++++++++++++++++++++++++
+ DevKit Extensions (0) used in this application 
                             +
++++++++++++++++++++++++++++++++++++++++++++++++++++++++++++++++++++++++++++++++
2018-01-04 17:48:21,691 [main] INFO  org.mule.lifecycle.AbstractLifecycleManager - Starting model: _muleSystemModel
2018-01-04 17:48:21,694 [main] INFO  org.mule.construct.FlowConstructLifecycleManager - Starting flow: soap1Flow
2018-01-04 17:48:21,694 [main] INFO  org.mule.processor.SedaStageLifecycleManager - Starting service: soap1Flow.stage1
2018-01-04 17:48:21,705 [main] INFO  org.mule.component.ComponentLifecycleManager - Starting component: component.1552127607
2018-01-04 17:48:21,736 [main] INFO  org.mule.module.management.agent.WrapperManagerAgent - This JVM hasn't been launched by the wrapper, the agent will not run.
2018-01-04 17:48:21,747 [main] INFO  org.mule.DefaultMuleContext - 
**********************************************************************
* Application: soap1                                                 *
* OS encoding: \, Mule encoding: UTF-8                               *
*                                                                    *
* Agents Running:                                                    *
*   DevKit Extension Information                                     *
*   JMX Agent                                                        *
*   Batch module default engine                                      *
*   Wrapper Manager                                                  *
**********************************************************************
