2017-12-29 09:53:23,856 [main] INFO  org.mule.module.launcher.application.DefaultMuleApplication - 
++++++++++++++++++++++++++++++++++++++++++++++++++++++++++++
+ Initializing app 'week2example1'                         +
++++++++++++++++++++++++++++++++++++++++++++++++++++++++++++
2017-12-29 09:53:24,216 [main] INFO  org.mule.lifecycle.AbstractLifecycleManager - Initialising RegistryBroker
2017-12-29 09:53:24,471 [main] INFO  org.mule.module.extension.internal.manager.DefaultExtensionManager - Starting discovery of extensions
2017-12-29 09:53:24,735 [main] INFO  org.mule.module.extension.internal.manager.DefaultExtensionManager - Discovered 1 extensions
2017-12-29 09:53:24,735 [main] INFO  org.mule.module.extension.internal.manager.DefaultExtensionManager - Registering extension validation (version 3.8)
2017-12-29 09:53:24,906 [main] INFO  org.mule.config.spring.MuleArtifactContext - Refreshing org.mule.config.spring.MuleArtifactContext@544630b7: startup date [Fri Dec 29 09:53:24 IST 2017]; root of context hierarchy
2017-12-29 09:53:27,309 [main] INFO  org.mule.config.spring.processors.NoDevkitInjectorProcessor - JSR-330 'javax.inject.Inject' annotation found and supported for autowiring
2017-12-29 09:53:28,472 [main] WARN  org.mule.module.ognl.expression.OgnlExpressionEvaluator - OGNL module is deprecated and will be removed in Mule 4.0. Use MEL expressions instead.
2017-12-29 09:53:29,799 [main] INFO  org.mule.util.journal.TransactionJournal - Using files for tx logs C:\Users\M1043068\AnypointStudio\workspace\.mule\.\.mule\week2example1\queue-tx-log\tx1.log and C:\Users\M1043068\AnypointStudio\workspace\.mule\.\.mule\week2example1\queue-tx-log\tx2.log
2017-12-29 09:53:29,847 [main] INFO  org.mule.util.journal.TransactionJournal - Using files for tx logs C:\Users\M1043068\AnypointStudio\workspace\.mule\.\.mule\week2example1\queue-xa-tx-log\tx1.log and C:\Users\M1043068\AnypointStudio\workspace\.mule\.\.mule\week2example1\queue-xa-tx-log\tx2.log
2017-12-29 09:53:30,049 [main] INFO  org.mule.lifecycle.AbstractLifecycleManager - Initialising model: _muleSystemModel
2017-12-29 09:53:30,065 [main] INFO  org.mule.construct.FlowConstructLifecycleManager - Initialising flow: week2example1Flow
2017-12-29 09:53:30,065 [main] INFO  org.mule.exception.DefaultMessagingExceptionStrategy - Initialising exception listener: org.mule.exception.DefaultMessagingExceptionStrategy@6413d7e7
2017-12-29 09:53:30,121 [main] INFO  org.mule.processor.SedaStageLifecycleManager - Initialising service: week2example1Flow.stage1
2017-12-29 09:53:30,638 [main] INFO  org.mule.config.spring.SpringXmlConfigurationBuilder - Configured Mule using "org.mule.config.spring.SpringXmlConfigurationBuilder" with configuration resource(s): "[ConfigResource{resourceName='C:\Users\M1043068\AnypointStudio\workspace\.mule\apps\week2example1\week2example1.xml'}]"
2017-12-29 09:53:30,638 [main] INFO  org.mule.config.builders.AutoConfigurationBuilder - Configured Mule using "org.mule.config.builders.AutoConfigurationBuilder" with configuration resource(s): "[ConfigResource{resourceName='C:\Users\M1043068\AnypointStudio\workspace\.mule\apps\week2example1\week2example1.xml'}]"
2017-12-29 09:53:33,716 [main] INFO  org.mule.module.launcher.application.DefaultMuleApplication - 
++++++++++++++++++++++++++++++++++++++++++++++++++++++++++++
+ Starting app 'week2example1'                             +
++++++++++++++++++++++++++++++++++++++++++++++++++++++++++++
2017-12-29 09:53:33,719 [main] INFO  org.mule.util.queue.QueueXaResourceManager - Starting ResourceManager
2017-12-29 09:53:33,719 [main] INFO  org.mule.util.queue.QueueXaResourceManager - Started ResourceManager
2017-12-29 09:53:33,860 [main] INFO  org.mule.module.http.internal.listener.DefaultHttpListenerConfig - Listening for requests on http://0.0.0.0:8081
2017-12-29 09:53:33,860 [main] INFO  org.mule.modules.oauth2.provider.agents.DefaultSplashScreenAgent - 
++++++++++++++++++++++++++++++++++++++++++++++++++++++++++++++++++++++++++++++++
+ DevKit Extensions (0) used in this application 
                             +
++++++++++++++++++++++++++++++++++++++++++++++++++++++++++++++++++++++++++++++++
2017-12-29 09:53:33,860 [main] INFO  org.mule.lifecycle.AbstractLifecycleManager - Starting model: _muleSystemModel
2017-12-29 09:53:33,860 [main] INFO  org.mule.construct.FlowConstructLifecycleManager - Starting flow: week2example1Flow
2017-12-29 09:53:33,875 [main] INFO  org.mule.processor.SedaStageLifecycleManager - Starting service: week2example1Flow.stage1
2017-12-29 09:53:33,953 [main] INFO  org.mule.module.management.agent.WrapperManagerAgent - This JVM hasn't been launched by the wrapper, the agent will not run.
2017-12-29 09:53:33,985 [main] INFO  org.mule.DefaultMuleContext - 
**********************************************************************
* Application: week2example1                                         *
* OS encoding: \, Mule encoding: UTF-8                               *
*                                                                    *
* Agents Running:                                                    *
*   DevKit Extension Information                                     *
*   JMX Agent                                                        *
*   Batch module default engine                                      *
*   Wrapper Manager                                                  *
**********************************************************************
2017-12-29 15:34:12,525 [main] INFO  org.mule.module.launcher.application.DefaultMuleApplication - 
++++++++++++++++++++++++++++++++++++++++++++++++++++++++++++
+ Initializing app 'week2example1'                         +
++++++++++++++++++++++++++++++++++++++++++++++++++++++++++++
2017-12-29 15:34:12,858 [main] INFO  org.mule.lifecycle.AbstractLifecycleManager - Initialising RegistryBroker
2017-12-29 15:34:13,074 [main] INFO  org.mule.module.extension.internal.manager.DefaultExtensionManager - Starting discovery of extensions
2017-12-29 15:34:13,318 [main] INFO  org.mule.module.extension.internal.manager.DefaultExtensionManager - Discovered 1 extensions
2017-12-29 15:34:13,322 [main] INFO  org.mule.module.extension.internal.manager.DefaultExtensionManager - Registering extension validation (version 3.8)
2017-12-29 15:34:13,479 [main] INFO  org.mule.config.spring.MuleArtifactContext - Refreshing org.mule.config.spring.MuleArtifactContext@544630b7: startup date [Fri Dec 29 15:34:13 IST 2017]; root of context hierarchy
2017-12-29 15:34:15,690 [main] INFO  org.mule.config.spring.processors.NoDevkitInjectorProcessor - JSR-330 'javax.inject.Inject' annotation found and supported for autowiring
2017-12-29 15:34:16,854 [main] WARN  org.mule.module.ognl.expression.OgnlExpressionEvaluator - OGNL module is deprecated and will be removed in Mule 4.0. Use MEL expressions instead.
2017-12-29 15:34:18,197 [main] INFO  org.mule.util.journal.TransactionJournal - Using files for tx logs C:\Users\M1043068\AnypointStudio\workspace\.mule\.\.mule\week2example1\queue-tx-log\tx1.log and C:\Users\M1043068\AnypointStudio\workspace\.mule\.\.mule\week2example1\queue-tx-log\tx2.log
2017-12-29 15:34:18,237 [main] INFO  org.mule.util.journal.TransactionJournal - Using files for tx logs C:\Users\M1043068\AnypointStudio\workspace\.mule\.\.mule\week2example1\queue-xa-tx-log\tx1.log and C:\Users\M1043068\AnypointStudio\workspace\.mule\.\.mule\week2example1\queue-xa-tx-log\tx2.log
2017-12-29 15:34:18,450 [main] INFO  org.mule.lifecycle.AbstractLifecycleManager - Initialising model: _muleSystemModel
2017-12-29 15:34:18,466 [main] INFO  org.mule.construct.FlowConstructLifecycleManager - Initialising flow: week2example1Flow
2017-12-29 15:34:18,466 [main] INFO  org.mule.exception.DefaultMessagingExceptionStrategy - Initialising exception listener: org.mule.exception.DefaultMessagingExceptionStrategy@111d5c97
2017-12-29 15:34:18,525 [main] INFO  org.mule.processor.SedaStageLifecycleManager - Initialising service: week2example1Flow.stage1
2017-12-29 15:34:18,953 [main] INFO  org.mule.config.spring.SpringXmlConfigurationBuilder - Configured Mule using "org.mule.config.spring.SpringXmlConfigurationBuilder" with configuration resource(s): "[ConfigResource{resourceName='C:\Users\M1043068\AnypointStudio\workspace\.mule\apps\week2example1\week2example1.xml'}]"
2017-12-29 15:34:18,953 [main] INFO  org.mule.config.builders.AutoConfigurationBuilder - Configured Mule using "org.mule.config.builders.AutoConfigurationBuilder" with configuration resource(s): "[ConfigResource{resourceName='C:\Users\M1043068\AnypointStudio\workspace\.mule\apps\week2example1\week2example1.xml'}]"
2017-12-29 15:34:21,991 [main] INFO  org.mule.module.launcher.application.DefaultMuleApplication - 
++++++++++++++++++++++++++++++++++++++++++++++++++++++++++++
+ Starting app 'week2example1'                             +
++++++++++++++++++++++++++++++++++++++++++++++++++++++++++++
2017-12-29 15:34:22,008 [main] INFO  org.mule.util.queue.QueueXaResourceManager - Starting ResourceManager
2017-12-29 15:34:22,008 [main] INFO  org.mule.util.queue.QueueXaResourceManager - Started ResourceManager
2017-12-29 15:34:22,189 [main] INFO  org.mule.module.http.internal.listener.DefaultHttpListenerConfig - Listening for requests on http://0.0.0.0:8081
2017-12-29 15:34:22,189 [main] INFO  org.mule.modules.oauth2.provider.agents.DefaultSplashScreenAgent - 
++++++++++++++++++++++++++++++++++++++++++++++++++++++++++++++++++++++++++++++++
+ DevKit Extensions (0) used in this application 
                             +
++++++++++++++++++++++++++++++++++++++++++++++++++++++++++++++++++++++++++++++++
2017-12-29 15:34:22,189 [main] INFO  org.mule.lifecycle.AbstractLifecycleManager - Starting model: _muleSystemModel
2017-12-29 15:34:22,189 [main] INFO  org.mule.construct.FlowConstructLifecycleManager - Starting flow: week2example1Flow
2017-12-29 15:34:22,189 [main] INFO  org.mule.processor.SedaStageLifecycleManager - Starting service: week2example1Flow.stage1
2017-12-29 15:34:22,524 [main] INFO  org.mule.module.management.agent.WrapperManagerAgent - This JVM hasn't been launched by the wrapper, the agent will not run.
2017-12-29 15:34:22,555 [main] INFO  org.mule.DefaultMuleContext - 
**********************************************************************
* Application: week2example1                                         *
* OS encoding: \, Mule encoding: UTF-8                               *
*                                                                    *
* Agents Running:                                                    *
*   DevKit Extension Information                                     *
*   JMX Agent                                                        *
*   Batch module default engine                                      *
*   Wrapper Manager                                                  *
**********************************************************************
